2016-08-18 15:36:09,773- INFO main com.antbrains.mysqltool.PoolManager 数据库连接池加载成功
2016-08-18 15:36:09,813- WARN main net.sf.ehcache.config.ConfigurationFactory No configuration found. Configuring ehcache from ehcache-failsafe.xml  found in the classpath: jar:file:/home/mc/workspace/knowledge-distillation/ifeng_crawler/target/ifeng_crawler-1.0-jar-with-dependencies.jar!/ehcache-failsafe.xml
2016-08-18 15:36:10,097- INFO main com.antbrains.sc.scheduler.FileUnfinishedScheduler conAddr: jnp://ai-dev:1099
2016-08-18 15:36:10,097- INFO main com.antbrains.sc.scheduler.FileUnfinishedScheduler jmxUrl: ai-dev:3333
2016-08-18 15:36:10,099- INFO main com.antbrains.sc.scheduler.FileUnfinishedScheduler maxQueueSize: 50000
2016-08-18 15:36:10,099- INFO main com.antbrains.sc.scheduler.FileUnfinishedScheduler batchSize: 1000
2016-08-18 15:36:10,099- INFO main com.antbrains.sc.scheduler.FileUnfinishedScheduler maxEmptyCount: 1000000
2016-08-18 15:36:10,099- INFO main com.antbrains.sc.scheduler.FileUnfinishedScheduler dbName: ifeng
2016-08-18 15:36:10,099- INFO main com.antbrains.sc.scheduler.FileUnfinishedScheduler fileDir: queuedata
2016-08-18 15:36:10,099- INFO main com.antbrains.sc.scheduler.FileUnfinishedScheduler maxEntriesLocalHeap: 1000000
2016-08-18 15:36:10,809- INFO main com.antbrains.mqtool.HornetQTools queue connection init success, [jnp://ai-dev:1099]
2016-08-18 15:36:10,972- INFO Thread-4 com.antbrains.sc.tools.StopService stopMe at port: 22345
2016-08-18 15:36:11,499- INFO main com.antbrains.sc.scheduler.FileUnfinishedScheduler queueSize: 1
2016-08-18 15:36:41,537- INFO main com.antbrains.sc.scheduler.FileUnfinishedScheduler sent: 0
2016-08-18 15:36:41,917- INFO main com.antbrains.sc.scheduler.FileUnfinishedScheduler queueSize: 0
2016-08-18 15:37:11,955- INFO main com.antbrains.sc.scheduler.FileUnfinishedScheduler sent: 0
2016-08-18 15:37:12,328- INFO main com.antbrains.sc.scheduler.FileUnfinishedScheduler queueSize: 0
2016-08-18 15:37:42,367- INFO main com.antbrains.sc.scheduler.FileUnfinishedScheduler sent: 0
2016-08-18 15:37:42,737- INFO main com.antbrains.sc.scheduler.FileUnfinishedScheduler queueSize: 0
2016-08-18 15:37:42,737- INFO main com.antbrains.sc.scheduler.FileUnfinishedScheduler read: /home/mc/workspace/knowledge-distillation/ifeng_crawler/scripts/queuedata/1471505781273.txt
2016-08-18 15:38:12,779- INFO main com.antbrains.sc.scheduler.FileUnfinishedScheduler delete: /home/mc/workspace/knowledge-distillation/ifeng_crawler/scripts/queuedata/1471505781273.txt
2016-08-18 15:38:12,780- INFO main com.antbrains.sc.scheduler.FileUnfinishedScheduler sent: 0
2016-08-18 15:38:13,185- INFO main com.antbrains.sc.scheduler.FileUnfinishedScheduler queueSize: 0
2016-08-18 15:38:43,228- INFO main com.antbrains.sc.scheduler.FileUnfinishedScheduler sent: 0
2016-08-18 15:38:43,610- INFO main com.antbrains.sc.scheduler.FileUnfinishedScheduler queueSize: 0
2016-08-18 15:38:43,611- INFO main com.antbrains.sc.scheduler.FileUnfinishedScheduler read: /home/mc/workspace/knowledge-distillation/ifeng_crawler/scripts/queuedata/1471505841276.txt
2016-08-18 15:39:13,667- INFO main com.antbrains.sc.scheduler.FileUnfinishedScheduler delete: /home/mc/workspace/knowledge-distillation/ifeng_crawler/scripts/queuedata/1471505841276.txt
2016-08-18 15:39:13,667- INFO main com.antbrains.sc.scheduler.FileUnfinishedScheduler sent: 0
2016-08-18 15:39:14,055- INFO main com.antbrains.sc.scheduler.FileUnfinishedScheduler queueSize: 0
2016-08-18 15:39:44,092- INFO main com.antbrains.sc.scheduler.FileUnfinishedScheduler sent: 0
2016-08-18 15:39:44,470- INFO main com.antbrains.sc.scheduler.FileUnfinishedScheduler queueSize: 0
2016-08-18 15:39:44,470- INFO main com.antbrains.sc.scheduler.FileUnfinishedScheduler read: /home/mc/workspace/knowledge-distillation/ifeng_crawler/scripts/queuedata/1471505901278.txt
2016-08-18 15:40:14,508- INFO main com.antbrains.sc.scheduler.FileUnfinishedScheduler delete: /home/mc/workspace/knowledge-distillation/ifeng_crawler/scripts/queuedata/1471505901278.txt
2016-08-18 15:40:14,509- INFO main com.antbrains.sc.scheduler.FileUnfinishedScheduler sent: 0
2016-08-18 15:40:14,881- INFO main com.antbrains.sc.scheduler.FileUnfinishedScheduler queueSize: 0
2016-08-18 15:40:44,920- INFO main com.antbrains.sc.scheduler.FileUnfinishedScheduler sent: 0
2016-08-18 15:40:45,314- INFO main com.antbrains.sc.scheduler.FileUnfinishedScheduler queueSize: 0
2016-08-18 15:41:15,351- INFO main com.antbrains.sc.scheduler.FileUnfinishedScheduler sent: 0
2016-08-18 15:41:15,732- INFO main com.antbrains.sc.scheduler.FileUnfinishedScheduler queueSize: 0
2016-08-18 15:41:15,732- INFO main com.antbrains.sc.scheduler.FileUnfinishedScheduler read: /home/mc/workspace/knowledge-distillation/ifeng_crawler/scripts/queuedata/1471505961280.txt
2016-08-18 15:41:15,793- INFO main com.antbrains.sc.scheduler.FileUnfinishedScheduler delete: /home/mc/workspace/knowledge-distillation/ifeng_crawler/scripts/queuedata/1471505961280.txt
2016-08-18 15:41:15,793- INFO main com.antbrains.sc.scheduler.FileUnfinishedScheduler sent: 10
2016-08-18 15:41:16,149- INFO main com.antbrains.sc.scheduler.FileUnfinishedScheduler queueSize: 0
2016-08-18 15:41:46,187- INFO main com.antbrains.sc.scheduler.FileUnfinishedScheduler sent: 0
2016-08-18 15:41:46,554- INFO main com.antbrains.sc.scheduler.FileUnfinishedScheduler queueSize: 0
2016-08-18 15:42:16,590- INFO main com.antbrains.sc.scheduler.FileUnfinishedScheduler sent: 0
2016-08-18 15:42:16,974- INFO main com.antbrains.sc.scheduler.FileUnfinishedScheduler queueSize: 0
2016-08-18 15:42:16,974- INFO main com.antbrains.sc.scheduler.FileUnfinishedScheduler read: /home/mc/workspace/knowledge-distillation/ifeng_crawler/scripts/queuedata/1471506051676.txt
2016-08-18 15:42:47,011- INFO main com.antbrains.sc.scheduler.FileUnfinishedScheduler delete: /home/mc/workspace/knowledge-distillation/ifeng_crawler/scripts/queuedata/1471506051676.txt
2016-08-18 15:42:47,011- INFO main com.antbrains.sc.scheduler.FileUnfinishedScheduler sent: 0
2016-08-18 15:42:47,395- INFO main com.antbrains.sc.scheduler.FileUnfinishedScheduler queueSize: 0
2016-08-18 15:43:17,432- INFO main com.antbrains.sc.scheduler.FileUnfinishedScheduler sent: 0
2016-08-18 15:43:17,798- INFO main com.antbrains.sc.scheduler.FileUnfinishedScheduler queueSize: 0
2016-08-18 15:43:17,798- INFO main com.antbrains.sc.scheduler.FileUnfinishedScheduler read: /home/mc/workspace/knowledge-distillation/ifeng_crawler/scripts/queuedata/1471506111678.txt
2016-08-18 15:43:18,337- INFO main com.antbrains.sc.scheduler.FileUnfinishedScheduler delete: /home/mc/workspace/knowledge-distillation/ifeng_crawler/scripts/queuedata/1471506111678.txt
2016-08-18 15:43:18,338- INFO main com.antbrains.sc.scheduler.FileUnfinishedScheduler sent: 480
2016-08-18 15:43:18,636- INFO main com.antbrains.sc.scheduler.FileUnfinishedScheduler queueSize: 223
2016-08-18 15:43:48,673- INFO main com.antbrains.sc.scheduler.FileUnfinishedScheduler sent: 0
2016-08-18 15:43:49,157- INFO main com.antbrains.sc.scheduler.FileUnfinishedScheduler queueSize: 0
2016-08-18 15:44:19,194- INFO main com.antbrains.sc.scheduler.FileUnfinishedScheduler sent: 0
2016-08-18 15:44:19,565- INFO main com.antbrains.sc.scheduler.FileUnfinishedScheduler queueSize: 0
2016-08-18 15:44:19,566- INFO main com.antbrains.sc.scheduler.FileUnfinishedScheduler read: /home/mc/workspace/knowledge-distillation/ifeng_crawler/scripts/queuedata/1471506181635.txt
2016-08-18 15:44:49,602- INFO main com.antbrains.sc.scheduler.FileUnfinishedScheduler delete: /home/mc/workspace/knowledge-distillation/ifeng_crawler/scripts/queuedata/1471506181635.txt
2016-08-18 15:44:49,602- INFO main com.antbrains.sc.scheduler.FileUnfinishedScheduler sent: 0
2016-08-18 15:44:49,966- INFO main com.antbrains.sc.scheduler.FileUnfinishedScheduler queueSize: 0
2016-08-18 15:45:20,003- INFO main com.antbrains.sc.scheduler.FileUnfinishedScheduler sent: 0
2016-08-18 15:45:20,383- INFO main com.antbrains.sc.scheduler.FileUnfinishedScheduler queueSize: 0
2016-08-18 15:45:20,383- INFO main com.antbrains.sc.scheduler.FileUnfinishedScheduler read: /home/mc/workspace/knowledge-distillation/ifeng_crawler/scripts/queuedata/1471506241637.txt
2016-08-18 15:45:50,421- INFO main com.antbrains.sc.scheduler.FileUnfinishedScheduler delete: /home/mc/workspace/knowledge-distillation/ifeng_crawler/scripts/queuedata/1471506241637.txt
2016-08-18 15:45:50,421- INFO main com.antbrains.sc.scheduler.FileUnfinishedScheduler sent: 0
2016-08-18 15:45:50,804- INFO main com.antbrains.sc.scheduler.FileUnfinishedScheduler queueSize: 0
2016-08-18 15:46:20,842- INFO main com.antbrains.sc.scheduler.FileUnfinishedScheduler sent: 0
2016-08-18 15:46:21,223- INFO main com.antbrains.sc.scheduler.FileUnfinishedScheduler queueSize: 0
2016-08-18 15:46:21,223- INFO main com.antbrains.sc.scheduler.FileUnfinishedScheduler read: /home/mc/workspace/knowledge-distillation/ifeng_crawler/scripts/queuedata/1471506301638.txt
2016-08-18 15:46:51,260- INFO main com.antbrains.sc.scheduler.FileUnfinishedScheduler delete: /home/mc/workspace/knowledge-distillation/ifeng_crawler/scripts/queuedata/1471506301638.txt
2016-08-18 15:46:51,260- INFO main com.antbrains.sc.scheduler.FileUnfinishedScheduler sent: 0
2016-08-18 15:46:51,632- INFO main com.antbrains.sc.scheduler.FileUnfinishedScheduler queueSize: 0
2016-08-18 15:47:21,669- INFO main com.antbrains.sc.scheduler.FileUnfinishedScheduler sent: 0
2016-08-18 15:47:22,030- INFO main com.antbrains.sc.scheduler.FileUnfinishedScheduler queueSize: 0
2016-08-18 15:47:22,031- INFO main com.antbrains.sc.scheduler.FileUnfinishedScheduler read: /home/mc/workspace/knowledge-distillation/ifeng_crawler/scripts/queuedata/1471506361640.txt
2016-08-18 15:47:52,068- INFO main com.antbrains.sc.scheduler.FileUnfinishedScheduler delete: /home/mc/workspace/knowledge-distillation/ifeng_crawler/scripts/queuedata/1471506361640.txt
2016-08-18 15:47:52,068- INFO main com.antbrains.sc.scheduler.FileUnfinishedScheduler sent: 0
2016-08-18 15:47:52,433- INFO main com.antbrains.sc.scheduler.FileUnfinishedScheduler queueSize: 0
2016-08-18 15:48:22,470- INFO main com.antbrains.sc.scheduler.FileUnfinishedScheduler sent: 0
2016-08-18 15:48:22,831- INFO main com.antbrains.sc.scheduler.FileUnfinishedScheduler queueSize: 0
2016-08-18 15:48:22,832- INFO main com.antbrains.sc.scheduler.FileUnfinishedScheduler read: /home/mc/workspace/knowledge-distillation/ifeng_crawler/scripts/queuedata/1471506421642.txt
2016-08-18 15:48:52,870- INFO main com.antbrains.sc.scheduler.FileUnfinishedScheduler delete: /home/mc/workspace/knowledge-distillation/ifeng_crawler/scripts/queuedata/1471506421642.txt
2016-08-18 15:48:52,871- INFO main com.antbrains.sc.scheduler.FileUnfinishedScheduler sent: 0
2016-08-18 15:48:53,255- INFO main com.antbrains.sc.scheduler.FileUnfinishedScheduler queueSize: 0
2016-08-18 15:49:23,292- INFO main com.antbrains.sc.scheduler.FileUnfinishedScheduler sent: 0
2016-08-18 15:49:23,666- INFO main com.antbrains.sc.scheduler.FileUnfinishedScheduler queueSize: 0
2016-08-18 15:49:23,666- INFO main com.antbrains.sc.scheduler.FileUnfinishedScheduler read: /home/mc/workspace/knowledge-distillation/ifeng_crawler/scripts/queuedata/1471506481644.txt
2016-08-18 15:49:53,704- INFO main com.antbrains.sc.scheduler.FileUnfinishedScheduler delete: /home/mc/workspace/knowledge-distillation/ifeng_crawler/scripts/queuedata/1471506481644.txt
2016-08-18 15:49:53,704- INFO main com.antbrains.sc.scheduler.FileUnfinishedScheduler sent: 0
2016-08-18 15:49:54,080- INFO main com.antbrains.sc.scheduler.FileUnfinishedScheduler queueSize: 0
2016-08-18 15:50:24,117- INFO main com.antbrains.sc.scheduler.FileUnfinishedScheduler sent: 0
2016-08-18 15:50:24,494- INFO main com.antbrains.sc.scheduler.FileUnfinishedScheduler queueSize: 0
2016-08-18 15:50:24,494- INFO main com.antbrains.sc.scheduler.FileUnfinishedScheduler read: /home/mc/workspace/knowledge-distillation/ifeng_crawler/scripts/queuedata/1471506541648.txt
2016-08-18 15:50:54,533- INFO main com.antbrains.sc.scheduler.FileUnfinishedScheduler delete: /home/mc/workspace/knowledge-distillation/ifeng_crawler/scripts/queuedata/1471506541648.txt
2016-08-18 15:50:54,533- INFO main com.antbrains.sc.scheduler.FileUnfinishedScheduler sent: 0
2016-08-18 15:50:54,913- INFO main com.antbrains.sc.scheduler.FileUnfinishedScheduler queueSize: 0
2016-08-18 15:51:24,952- INFO main com.antbrains.sc.scheduler.FileUnfinishedScheduler sent: 0
2016-08-18 15:51:25,324- INFO main com.antbrains.sc.scheduler.FileUnfinishedScheduler queueSize: 0
2016-08-18 15:51:25,324- INFO main com.antbrains.sc.scheduler.FileUnfinishedScheduler read: /home/mc/workspace/knowledge-distillation/ifeng_crawler/scripts/queuedata/1471506601650.txt
2016-08-18 15:51:55,361- INFO main com.antbrains.sc.scheduler.FileUnfinishedScheduler delete: /home/mc/workspace/knowledge-distillation/ifeng_crawler/scripts/queuedata/1471506601650.txt
2016-08-18 15:51:55,362- INFO main com.antbrains.sc.scheduler.FileUnfinishedScheduler sent: 0
2016-08-18 15:51:55,749- INFO main com.antbrains.sc.scheduler.FileUnfinishedScheduler queueSize: 0
2016-08-18 15:52:25,786- INFO main com.antbrains.sc.scheduler.FileUnfinishedScheduler sent: 0
2016-08-18 15:52:26,181- INFO main com.antbrains.sc.scheduler.FileUnfinishedScheduler queueSize: 0
2016-08-18 15:52:26,181- INFO main com.antbrains.sc.scheduler.FileUnfinishedScheduler read: /home/mc/workspace/knowledge-distillation/ifeng_crawler/scripts/queuedata/1471506661652.txt
2016-08-18 15:52:56,218- INFO main com.antbrains.sc.scheduler.FileUnfinishedScheduler delete: /home/mc/workspace/knowledge-distillation/ifeng_crawler/scripts/queuedata/1471506661652.txt
2016-08-18 15:52:56,219- INFO main com.antbrains.sc.scheduler.FileUnfinishedScheduler sent: 0
2016-08-18 15:52:56,597- INFO main com.antbrains.sc.scheduler.FileUnfinishedScheduler queueSize: 0
2016-08-18 15:53:26,634- INFO main com.antbrains.sc.scheduler.FileUnfinishedScheduler sent: 0
2016-08-18 15:53:27,003- INFO main com.antbrains.sc.scheduler.FileUnfinishedScheduler queueSize: 0
2016-08-18 15:53:27,003- INFO main com.antbrains.sc.scheduler.FileUnfinishedScheduler read: /home/mc/workspace/knowledge-distillation/ifeng_crawler/scripts/queuedata/1471506721654.txt
2016-08-18 15:53:57,043- INFO main com.antbrains.sc.scheduler.FileUnfinishedScheduler delete: /home/mc/workspace/knowledge-distillation/ifeng_crawler/scripts/queuedata/1471506721654.txt
2016-08-18 15:53:57,043- INFO main com.antbrains.sc.scheduler.FileUnfinishedScheduler sent: 0
2016-08-18 15:53:57,429- INFO main com.antbrains.sc.scheduler.FileUnfinishedScheduler queueSize: 0
2016-08-18 15:54:27,468- INFO main com.antbrains.sc.scheduler.FileUnfinishedScheduler sent: 0
2016-08-18 15:54:27,854- INFO main com.antbrains.sc.scheduler.FileUnfinishedScheduler queueSize: 0
2016-08-18 15:54:27,854- INFO main com.antbrains.sc.scheduler.FileUnfinishedScheduler read: /home/mc/workspace/knowledge-distillation/ifeng_crawler/scripts/queuedata/1471506781656.txt
2016-08-18 15:54:57,891- INFO main com.antbrains.sc.scheduler.FileUnfinishedScheduler delete: /home/mc/workspace/knowledge-distillation/ifeng_crawler/scripts/queuedata/1471506781656.txt
2016-08-18 15:54:57,891- INFO main com.antbrains.sc.scheduler.FileUnfinishedScheduler sent: 0
2016-08-18 15:54:58,264- INFO main com.antbrains.sc.scheduler.FileUnfinishedScheduler queueSize: 0
2016-08-18 15:55:28,307- INFO main com.antbrains.sc.scheduler.FileUnfinishedScheduler sent: 0
2016-08-18 15:55:28,691- INFO main com.antbrains.sc.scheduler.FileUnfinishedScheduler queueSize: 0
2016-08-18 15:55:28,692- INFO main com.antbrains.sc.scheduler.FileUnfinishedScheduler read: /home/mc/workspace/knowledge-distillation/ifeng_crawler/scripts/queuedata/1471506841658.txt
2016-08-18 15:55:58,729- INFO main com.antbrains.sc.scheduler.FileUnfinishedScheduler delete: /home/mc/workspace/knowledge-distillation/ifeng_crawler/scripts/queuedata/1471506841658.txt
2016-08-18 15:55:58,730- INFO main com.antbrains.sc.scheduler.FileUnfinishedScheduler sent: 0
2016-08-18 15:55:59,111- INFO main com.antbrains.sc.scheduler.FileUnfinishedScheduler queueSize: 0
2016-08-18 15:56:02,215- INFO Thread-0 com.antbrains.mysqltool.PoolManager shut down pool
2016-08-18 15:56:51,936- INFO main com.antbrains.mysqltool.PoolManager 数据库连接池加载成功
2016-08-18 15:56:51,967- WARN main net.sf.ehcache.config.ConfigurationFactory No configuration found. Configuring ehcache from ehcache-failsafe.xml  found in the classpath: jar:file:/home/mc/workspace/knowledge-distillation/ifeng_crawler/target/ifeng_crawler-1.0-jar-with-dependencies.jar!/ehcache-failsafe.xml
2016-08-18 15:56:52,230- INFO main com.antbrains.sc.scheduler.FileUnfinishedScheduler conAddr: jnp://ai-dev:1099
2016-08-18 15:56:52,231- INFO main com.antbrains.sc.scheduler.FileUnfinishedScheduler jmxUrl: ai-dev:3333
2016-08-18 15:56:52,233- INFO main com.antbrains.sc.scheduler.FileUnfinishedScheduler maxQueueSize: 50000
2016-08-18 15:56:52,233- INFO main com.antbrains.sc.scheduler.FileUnfinishedScheduler batchSize: 1000
2016-08-18 15:56:52,233- INFO main com.antbrains.sc.scheduler.FileUnfinishedScheduler maxEmptyCount: 1000000
2016-08-18 15:56:52,233- INFO main com.antbrains.sc.scheduler.FileUnfinishedScheduler dbName: ifeng
2016-08-18 15:56:52,233- INFO main com.antbrains.sc.scheduler.FileUnfinishedScheduler fileDir: queuedata
2016-08-18 15:56:52,233- INFO main com.antbrains.sc.scheduler.FileUnfinishedScheduler maxEntriesLocalHeap: 1000000
2016-08-18 15:56:52,955- INFO main com.antbrains.mqtool.HornetQTools queue connection init success, [jnp://ai-dev:1099]
2016-08-18 15:56:53,122- INFO Thread-4 com.antbrains.sc.tools.StopService stopMe at port: 22345
2016-08-18 15:56:53,686- INFO main com.antbrains.sc.scheduler.FileUnfinishedScheduler queueSize: 1
2016-08-18 15:57:23,725- INFO main com.antbrains.sc.scheduler.FileUnfinishedScheduler sent: 0
2016-08-18 15:57:24,100- INFO main com.antbrains.sc.scheduler.FileUnfinishedScheduler queueSize: 0
2016-08-18 15:57:54,138- INFO main com.antbrains.sc.scheduler.FileUnfinishedScheduler sent: 0
2016-08-18 15:57:54,518- INFO main com.antbrains.sc.scheduler.FileUnfinishedScheduler queueSize: 0
2016-08-18 15:58:24,556- INFO main com.antbrains.sc.scheduler.FileUnfinishedScheduler sent: 0
2016-08-18 15:58:24,931- INFO main com.antbrains.sc.scheduler.FileUnfinishedScheduler queueSize: 0
2016-08-18 15:58:24,932- INFO main com.antbrains.sc.scheduler.FileUnfinishedScheduler read: /home/mc/workspace/knowledge-distillation/ifeng_crawler/scripts/queuedata/1471507040780.txt
2016-08-18 15:58:25,028- INFO main com.antbrains.sc.scheduler.FileUnfinishedScheduler delete: /home/mc/workspace/knowledge-distillation/ifeng_crawler/scripts/queuedata/1471507040780.txt
2016-08-18 15:58:25,028- INFO main com.antbrains.sc.scheduler.FileUnfinishedScheduler sent: 10
2016-08-18 15:58:25,338- INFO main com.antbrains.sc.scheduler.FileUnfinishedScheduler queueSize: 0
2016-08-18 15:58:55,376- INFO main com.antbrains.sc.scheduler.FileUnfinishedScheduler sent: 0
2016-08-18 15:58:55,779- INFO main com.antbrains.sc.scheduler.FileUnfinishedScheduler queueSize: 0
2016-08-18 15:59:25,835- INFO main com.antbrains.sc.scheduler.FileUnfinishedScheduler sent: 0
2016-08-18 15:59:26,228- INFO main com.antbrains.sc.scheduler.FileUnfinishedScheduler queueSize: 0
2016-08-18 15:59:26,228- INFO main com.antbrains.sc.scheduler.FileUnfinishedScheduler read: /home/mc/workspace/knowledge-distillation/ifeng_crawler/scripts/queuedata/1471507102403.txt
2016-08-18 15:59:56,266- INFO main com.antbrains.sc.scheduler.FileUnfinishedScheduler delete: /home/mc/workspace/knowledge-distillation/ifeng_crawler/scripts/queuedata/1471507102403.txt
2016-08-18 15:59:56,266- INFO main com.antbrains.sc.scheduler.FileUnfinishedScheduler sent: 0
2016-08-18 15:59:56,653- INFO main com.antbrains.sc.scheduler.FileUnfinishedScheduler queueSize: 0
2016-08-18 16:00:26,691- INFO main com.antbrains.sc.scheduler.FileUnfinishedScheduler sent: 0
2016-08-18 16:00:26,744- INFO Thread-0 com.antbrains.mysqltool.PoolManager shut down pool
